Determining if the function log exists failed with the following output:
Change Dir: /home/ashwinr/Lab6/Step4/CMakeFiles/CMakeTmp

Run Build Command:/usr/bin/make "cmTryCompileExec540487391/fast"
/usr/bin/make -f CMakeFiles/cmTryCompileExec540487391.dir/build.make CMakeFiles/cmTryCompileExec540487391.dir/build
make[1]: Entering directory `/home/ashwinr/Lab6/Step4/CMakeFiles/CMakeTmp'
/usr/bin/cmake -E cmake_progress_report /home/ashwinr/Lab6/Step4/CMakeFiles/CMakeTmp/CMakeFiles 1
Building C object CMakeFiles/cmTryCompileExec540487391.dir/CheckFunctionExists.c.o
/usr/bin/cc   -DCHECK_FUNCTION_EXISTS=log   -o CMakeFiles/cmTryCompileExec540487391.dir/CheckFunctionExists.c.o   -c /usr/share/cmake-2.8/Modules/CheckFunctionExists.c
<command-line>:0:23: warning: conflicting types for built-in function ‘log’ [enabled by default]
/usr/share/cmake-2.8/Modules/CheckFunctionExists.c:3:6: note: in expansion of macro ‘CHECK_FUNCTION_EXISTS’
 char CHECK_FUNCTION_EXISTS();
      ^
Linking C executable cmTryCompileExec540487391
/usr/bin/cmake -E cmake_link_script CMakeFiles/cmTryCompileExec540487391.dir/link.txt --verbose=1
/usr/bin/cc   -DCHECK_FUNCTION_EXISTS=log    CMakeFiles/cmTryCompileExec540487391.dir/CheckFunctionExists.c.o  -o cmTryCompileExec540487391 -rdynamic 
CMakeFiles/cmTryCompileExec540487391.dir/CheckFunctionExists.c.o: In function `main':
CheckFunctionExists.c:(.text+0x15): undefined reference to `log'
collect2: error: ld returned 1 exit status
make[1]: *** [cmTryCompileExec540487391] Error 1
make[1]: Leaving directory `/home/ashwinr/Lab6/Step4/CMakeFiles/CMakeTmp'
make: *** [cmTryCompileExec540487391/fast] Error 2


Determining if the function exp exists failed with the following output:
Change Dir: /home/ashwinr/Lab6/Step4/CMakeFiles/CMakeTmp

Run Build Command:/usr/bin/make "cmTryCompileExec2874430899/fast"
/usr/bin/make -f CMakeFiles/cmTryCompileExec2874430899.dir/build.make CMakeFiles/cmTryCompileExec2874430899.dir/build
make[1]: Entering directory `/home/ashwinr/Lab6/Step4/CMakeFiles/CMakeTmp'
/usr/bin/cmake -E cmake_progress_report /home/ashwinr/Lab6/Step4/CMakeFiles/CMakeTmp/CMakeFiles 1
Building C object CMakeFiles/cmTryCompileExec2874430899.dir/CheckFunctionExists.c.o
/usr/bin/cc   -DCHECK_FUNCTION_EXISTS=exp   -o CMakeFiles/cmTryCompileExec2874430899.dir/CheckFunctionExists.c.o   -c /usr/share/cmake-2.8/Modules/CheckFunctionExists.c
<command-line>:0:23: warning: conflicting types for built-in function ‘exp’ [enabled by default]
/usr/share/cmake-2.8/Modules/CheckFunctionExists.c:3:6: note: in expansion of macro ‘CHECK_FUNCTION_EXISTS’
 char CHECK_FUNCTION_EXISTS();
      ^
Linking C executable cmTryCompileExec2874430899
/usr/bin/cmake -E cmake_link_script CMakeFiles/cmTryCompileExec2874430899.dir/link.txt --verbose=1
/usr/bin/cc   -DCHECK_FUNCTION_EXISTS=exp    CMakeFiles/cmTryCompileExec2874430899.dir/CheckFunctionExists.c.o  -o cmTryCompileExec2874430899 -rdynamic 
CMakeFiles/cmTryCompileExec2874430899.dir/CheckFunctionExists.c.o: In function `main':
CheckFunctionExists.c:(.text+0x15): undefined reference to `exp'
collect2: error: ld returned 1 exit status
make[1]: *** [cmTryCompileExec2874430899] Error 1
make[1]: Leaving directory `/home/ashwinr/Lab6/Step4/CMakeFiles/CMakeTmp'
make: *** [cmTryCompileExec2874430899/fast] Error 2


